{"/home/guido/Projetos/one-stack/server/src/index.js": {"path":"/home/guido/Projetos/one-stack/server/src/index.js","statementMap":{"0":{"start":{"line":1,"column":0},"end":{"line":null,"column":-1}},"1":{"start":{"line":2,"column":0},"end":{"line":null,"column":-1}},"2":{"start":{"line":4,"column":0},"end":{"line":null,"column":-1}},"3":{"start":{"line":5,"column":0},"end":{"line":null,"column":-1}},"4":{"start":{"line":6,"column":0},"end":{"line":null,"column":-1}},"5":{"start":{"line":8,"column":0},"end":{"line":null,"column":-1}},"6":{"start":{"line":9,"column":0},"end":{"line":null,"column":-1}},"7":{"start":{"line":10,"column":0},"end":{"line":null,"column":-1}},"8":{"start":{"line":12,"column":16},"end":{"line":12,"column":0}},"9":{"start":{"line":14,"column":12},"end":{"line":14,"column":0}},"10":{"start":{"line":15,"column":0},"end":{"line":null,"column":-1}},"11":{"start":{"line":16,"column":0},"end":{"line":null,"column":-1}},"12":{"start":{"line":18,"column":15},"end":{"line":18,"column":0}},"13":{"start":{"line":29,"column":0},"end":{"line":null,"column":-1}},"14":{"start":{"line":37,"column":0},"end":{"line":null,"column":-1}},"15":{"start":{"line":38,"column":8},"end":{"line":37,"column":0}}},"fnMap":{"0":{"name":"(anonymous_1)","decl":{"start":{"line":38,"column":2},"end":{"line":38,"column":7}},"loc":{"start":{"line":38,"column":8},"end":{"line":37,"column":0}}}},"branchMap":{"0":{"loc":{"start":{"line":37,"column":19},"end":{"line":37,"column":18}},"type":"binary-expr","locations":[{"start":{"line":37,"column":19},"end":{"line":37,"column":18}},{"start":{"line":37,"column":39},"end":{"line":37,"column":11}}]}},"s":{"0":0,"1":0,"2":0,"3":0,"4":0,"5":0,"6":0,"7":0,"8":0,"9":0,"10":0,"11":0,"12":0,"13":0,"14":0,"15":0},"f":{"0":0},"b":{"0":[0,0]}}
,"/home/guido/Projetos/one-stack/server/src/config/authSetup.js": {"path":"/home/guido/Projetos/one-stack/server/src/config/authSetup.js","statementMap":{"0":{"start":{"line":1,"column":0},"end":{"line":null,"column":-1}},"1":{"start":{"line":2,"column":0},"end":{"line":null,"column":-1}},"2":{"start":{"line":3,"column":0},"end":{"line":null,"column":-1}},"3":{"start":{"line":4,"column":0},"end":{"line":null,"column":-1}},"4":{"start":{"line":5,"column":0},"end":{"line":null,"column":-1}},"5":{"start":{"line":6,"column":0},"end":{"line":null,"column":-1}},"6":{"start":{"line":9,"column":2},"end":{"line":null,"column":-1}},"7":{"start":{"line":11,"column":22},"end":{"line":11,"column":2}},"8":{"start":{"line":15,"column":2},"end":{"line":null,"column":-1}},"9":{"start":{"line":17,"column":2},"end":{"line":null,"column":-1}},"10":{"start":{"line":19,"column":20},"end":{"line":18,"column":12}},"11":{"start":{"line":24,"column":2},"end":{"line":null,"column":-1}},"12":{"start":{"line":25,"column":2},"end":{"line":null,"column":-1}},"13":{"start":{"line":27,"column":2},"end":{"line":null,"column":-1}},"14":{"start":{"line":29,"column":2},"end":{"line":null,"column":-1}},"15":{"start":{"line":30,"column":4},"end":{"line":null,"column":-1}},"16":{"start":{"line":31,"column":6},"end":{"line":35,"column":7}},"17":{"start":{"line":32,"column":8},"end":{"line":null,"column":-1}},"18":{"start":{"line":36,"column":6},"end":{"line":36,"column":15}},"19":{"start":{"line":36,"column":15},"end":{"line":null,"column":-1}},"20":{"start":{"line":38,"column":6},"end":{"line":null,"column":-1}},"21":{"start":{"line":39,"column":8},"end":{"line":39,"column":17}},"22":{"start":{"line":39,"column":17},"end":{"line":null,"column":-1}},"23":{"start":{"line":40,"column":8},"end":{"line":null,"column":-1}},"24":{"start":{"line":44,"column":6},"end":{"line":null,"column":-1}},"25":{"start":{"line":48,"column":2},"end":{"line":null,"column":-1}},"26":{"start":{"line":49,"column":4},"end":{"line":null,"column":-1}},"27":{"start":{"line":50,"column":4},"end":{"line":null,"column":-1}},"28":{"start":{"line":53,"column":2},"end":{"line":null,"column":-1}},"29":{"start":{"line":54,"column":4},"end":{"line":null,"column":-1}},"30":{"start":{"line":55,"column":4},"end":{"line":null,"column":-1}},"31":{"start":{"line":56,"column":4},"end":{"line":null,"column":-1}}},"fnMap":{"0":{"name":"authSetup","decl":{"start":{"line":8,"column":9},"end":{"line":8,"column":0}},"loc":{"start":{"line":8,"column":33},"end":{"line":58,"column":1}}},"1":{"name":"(anonymous_2)","decl":{"start":{"line":19,"column":13},"end":{"line":19,"column":19}},"loc":{"start":{"line":19,"column":20},"end":{"line":18,"column":12}}},"2":{"name":"(anonymous_3)","decl":{"start":{"line":29,"column":21},"end":{"line":29,"column":22}},"loc":{"start":{"line":29,"column":41},"end":{"line":29,"column":2}}},"3":{"name":"(anonymous_4)","decl":{"start":{"line":30,"column":35},"end":{"line":30,"column":36}},"loc":{"start":{"line":30,"column":50},"end":{"line":30,"column":4}}},"4":{"name":"(anonymous_5)","decl":{"start":{"line":38,"column":22},"end":{"line":38,"column":27}},"loc":{"start":{"line":38,"column":28},"end":{"line":38,"column":6}}},"5":{"name":"(anonymous_6)","decl":{"start":{"line":48,"column":21},"end":{"line":48,"column":22}},"loc":{"start":{"line":48,"column":35},"end":{"line":48,"column":2}}},"6":{"name":"(anonymous_7)","decl":{"start":{"line":53,"column":22},"end":{"line":53,"column":23}},"loc":{"start":{"line":53,"column":42},"end":{"line":53,"column":2}}}},"branchMap":{"0":{"loc":{"start":{"line":31,"column":6},"end":{"line":35,"column":7}},"type":"if","locations":[{"start":{"line":31,"column":6},"end":{"line":35,"column":7}},{"start":{"line":31,"column":6},"end":{"line":35,"column":7}}]},"1":{"loc":{"start":{"line":36,"column":6},"end":{"line":36,"column":15}},"type":"if","locations":[{"start":{"line":36,"column":6},"end":{"line":36,"column":15}},{"start":{"line":36,"column":6},"end":{"line":36,"column":15}}]},"2":{"loc":{"start":{"line":39,"column":8},"end":{"line":39,"column":17}},"type":"if","locations":[{"start":{"line":39,"column":8},"end":{"line":39,"column":17}},{"start":{"line":39,"column":8},"end":{"line":39,"column":17}}]}},"s":{"0":0,"1":0,"2":0,"3":0,"4":0,"5":0,"6":0,"7":0,"8":0,"9":0,"10":0,"11":0,"12":0,"13":0,"14":0,"15":0,"16":0,"17":0,"18":0,"19":0,"20":0,"21":0,"22":0,"23":0,"24":0,"25":0,"26":0,"27":0,"28":0,"29":0,"30":0,"31":0},"f":{"0":0,"1":0,"2":0,"3":0,"4":0,"5":0,"6":0},"b":{"0":[0,0],"1":[0,0],"2":[0,0]}}
,"/home/guido/Projetos/one-stack/server/src/config/passportSetup.js": {"path":"/home/guido/Projetos/one-stack/server/src/config/passportSetup.js","statementMap":{"0":{"start":{"line":3,"column":0},"end":{"line":null,"column":-1}},"1":{"start":{"line":5,"column":22},"end":{"line":5,"column":0}},"2":{"start":{"line":8,"column":2},"end":{"line":null,"column":-1}},"3":{"start":{"line":12,"column":30},"end":{"line":12,"column":8}},"4":{"start":{"line":13,"column":8},"end":{"line":null,"column":-1}},"5":{"start":{"line":15,"column":12},"end":{"line":15,"column":32}},"6":{"start":{"line":15,"column":32},"end":{"line":null,"column":-1}},"7":{"start":{"line":16,"column":12},"end":{"line":null,"column":-1}},"8":{"start":{"line":18,"column":24},"end":{"line":13,"column":8}},"9":{"start":{"line":19,"column":24},"end":{"line":13,"column":8}},"10":{"start":{"line":24,"column":2},"end":{"line":null,"column":-1}},"11":{"start":{"line":24,"column":41},"end":{"line":24,"column":2}},"12":{"start":{"line":26,"column":2},"end":{"line":null,"column":-1}},"13":{"start":{"line":27,"column":18},"end":{"line":26,"column":2}},"14":{"start":{"line":28,"column":27},"end":{"line":27,"column":18}}},"fnMap":{"0":{"name":"passportSetup","decl":{"start":{"line":7,"column":9},"end":{"line":7,"column":0}},"loc":{"start":{"line":7,"column":33},"end":{"line":30,"column":1}}},"1":{"name":"(anonymous_2)","decl":{"start":{"line":11,"column":6},"end":{"line":11,"column":7}},"loc":{"start":{"line":11,"column":36},"end":{"line":10,"column":4}}},"2":{"name":"(anonymous_3)","decl":{"start":{"line":14,"column":17},"end":{"line":14,"column":15}},"loc":{"start":{"line":14,"column":36},"end":{"line":13,"column":8}}},"3":{"name":"(anonymous_4)","decl":{"start":{"line":18,"column":16},"end":{"line":18,"column":23}},"loc":{"start":{"line":18,"column":24},"end":{"line":13,"column":8}}},"4":{"name":"(anonymous_5)","decl":{"start":{"line":19,"column":17},"end":{"line":19,"column":23}},"loc":{"start":{"line":19,"column":24},"end":{"line":13,"column":8}}},"5":{"name":"(anonymous_6)","decl":{"start":{"line":24,"column":25},"end":{"line":24,"column":26}},"loc":{"start":{"line":24,"column":41},"end":{"line":24,"column":2}}},"6":{"name":"(anonymous_7)","decl":{"start":{"line":27,"column":4},"end":{"line":27,"column":5}},"loc":{"start":{"line":27,"column":18},"end":{"line":26,"column":2}}},"7":{"name":"(anonymous_8)","decl":{"start":{"line":28,"column":12},"end":{"line":28,"column":13}},"loc":{"start":{"line":28,"column":27},"end":{"line":27,"column":18}}}},"branchMap":{"0":{"loc":{"start":{"line":15,"column":12},"end":{"line":15,"column":32}},"type":"if","locations":[{"start":{"line":15,"column":12},"end":{"line":15,"column":32}},{"start":{"line":15,"column":12},"end":{"line":15,"column":32}}]}},"s":{"0":0,"1":0,"2":0,"3":0,"4":0,"5":0,"6":0,"7":0,"8":0,"9":0,"10":0,"11":0,"12":0,"13":0,"14":0},"f":{"0":0,"1":0,"2":0,"3":0,"4":0,"5":0,"6":0,"7":0},"b":{"0":[0,0]}}
,"/home/guido/Projetos/one-stack/server/src/config/passwordReset.js": {"path":"/home/guido/Projetos/one-stack/server/src/config/passwordReset.js","statementMap":{"0":{"start":{"line":1,"column":0},"end":{"line":null,"column":-1}},"1":{"start":{"line":2,"column":0},"end":{"line":null,"column":-1}},"2":{"start":{"line":3,"column":0},"end":{"line":null,"column":-1}},"3":{"start":{"line":5,"column":0},"end":{"line":null,"column":-1}},"4":{"start":{"line":8,"column":2},"end":{"line":null,"column":-1}},"5":{"start":{"line":18,"column":2},"end":{"line":null,"column":-1}},"6":{"start":{"line":19,"column":17},"end":{"line":19,"column":4}},"7":{"start":{"line":20,"column":4},"end":{"line":26,"column":5}},"8":{"start":{"line":23,"column":6},"end":{"line":null,"column":-1}},"9":{"start":{"line":28,"column":18},"end":{"line":28,"column":4}},"10":{"start":{"line":30,"column":23},"end":{"line":30,"column":4}},"11":{"start":{"line":31,"column":4},"end":{"line":null,"column":-1}},"12":{"start":{"line":32,"column":25},"end":{"line":32,"column":4}},"13":{"start":{"line":34,"column":4},"end":{"line":null,"column":-1}},"14":{"start":{"line":41,"column":26},"end":{"line":41,"column":4}},"15":{"start":{"line":43,"column":24},"end":{"line":43,"column":4}},"16":{"start":{"line":52,"column":4},"end":{"line":null,"column":-1}},"17":{"start":{"line":53,"column":4},"end":{"line":null,"column":-1}},"18":{"start":{"line":58,"column":2},"end":{"line":null,"column":-1}},"19":{"start":{"line":59,"column":17},"end":{"line":59,"column":4}},"20":{"start":{"line":60,"column":4},"end":{"line":64,"column":5}},"21":{"start":{"line":61,"column":6},"end":{"line":null,"column":-1}},"22":{"start":{"line":65,"column":4},"end":{"line":null,"column":-1}},"23":{"start":{"line":70,"column":2},"end":{"line":null,"column":-1}},"24":{"start":{"line":72,"column":17},"end":{"line":72,"column":4}},"25":{"start":{"line":73,"column":4},"end":{"line":77,"column":5}},"26":{"start":{"line":74,"column":6},"end":{"line":null,"column":-1}},"27":{"start":{"line":79,"column":4},"end":{"line":null,"column":-1}},"28":{"start":{"line":85,"column":26},"end":{"line":85,"column":4}},"29":{"start":{"line":86,"column":24},"end":{"line":86,"column":4}},"30":{"start":{"line":95,"column":4},"end":{"line":null,"column":-1}},"31":{"start":{"line":96,"column":4},"end":{"line":null,"column":-1}}},"fnMap":{"0":{"name":"setupMailTransport","decl":{"start":{"line":7,"column":9},"end":{"line":7,"column":0}},"loc":{"start":{"line":7,"column":30},"end":{"line":15,"column":1}}},"1":{"name":"passwordReset","decl":{"start":{"line":17,"column":9},"end":{"line":17,"column":0}},"loc":{"start":{"line":17,"column":28},"end":{"line":100,"column":1}}},"2":{"name":"(anonymous_3)","decl":{"start":{"line":18,"column":22},"end":{"line":18,"column":28}},"loc":{"start":{"line":18,"column":42},"end":{"line":18,"column":2}}},"3":{"name":"(anonymous_4)","decl":{"start":{"line":58,"column":27},"end":{"line":58,"column":33}},"loc":{"start":{"line":58,"column":47},"end":{"line":58,"column":2}}},"4":{"name":"(anonymous_5)","decl":{"start":{"line":70,"column":28},"end":{"line":70,"column":34}},"loc":{"start":{"line":70,"column":48},"end":{"line":70,"column":2}}}},"branchMap":{"0":{"loc":{"start":{"line":20,"column":4},"end":{"line":26,"column":5}},"type":"if","locations":[{"start":{"line":20,"column":4},"end":{"line":26,"column":5}},{"start":{"line":20,"column":4},"end":{"line":26,"column":5}}]},"1":{"loc":{"start":{"line":60,"column":4},"end":{"line":64,"column":5}},"type":"if","locations":[{"start":{"line":60,"column":4},"end":{"line":64,"column":5}},{"start":{"line":60,"column":4},"end":{"line":64,"column":5}}]},"2":{"loc":{"start":{"line":73,"column":4},"end":{"line":77,"column":5}},"type":"if","locations":[{"start":{"line":73,"column":4},"end":{"line":77,"column":5}},{"start":{"line":73,"column":4},"end":{"line":77,"column":5}}]}},"s":{"0":0,"1":0,"2":0,"3":0,"4":0,"5":0,"6":0,"7":0,"8":0,"9":0,"10":0,"11":0,"12":0,"13":0,"14":0,"15":0,"16":0,"17":0,"18":0,"19":0,"20":0,"21":0,"22":0,"23":0,"24":0,"25":0,"26":0,"27":0,"28":0,"29":0,"30":0,"31":0},"f":{"0":0,"1":0,"2":0,"3":0,"4":0},"b":{"0":[0,0],"1":[0,0],"2":[0,0]}}
,"/home/guido/Projetos/one-stack/server/src/data/index.js": {"path":"/home/guido/Projetos/one-stack/server/src/data/index.js","statementMap":{"0":{"start":{"line":1,"column":0},"end":{"line":null,"column":-1}}},"fnMap":{},"branchMap":{},"s":{"0":0},"f":{},"b":{}}
,"/home/guido/Projetos/one-stack/server/src/data/user/checkPassword.js": {"path":"/home/guido/Projetos/one-stack/server/src/data/user/checkPassword.js","statementMap":{"0":{"start":{"line":1,"column":0},"end":{"line":null,"column":-1}},"1":{"start":{"line":2,"column":0},"end":{"line":null,"column":-1}},"2":{"start":{"line":5,"column":15},"end":{"line":5,"column":2}},"3":{"start":{"line":6,"column":2},"end":{"line":12,"column":3}},"4":{"start":{"line":7,"column":4},"end":{"line":10,"column":5}},"5":{"start":{"line":9,"column":6},"end":{"line":null,"column":-1}},"6":{"start":{"line":14,"column":2},"end":{"line":null,"column":-1}}},"fnMap":{},"branchMap":{"0":{"loc":{"start":{"line":6,"column":2},"end":{"line":12,"column":3}},"type":"if","locations":[{"start":{"line":6,"column":2},"end":{"line":12,"column":3}},{"start":{"line":6,"column":2},"end":{"line":12,"column":3}}]},"1":{"loc":{"start":{"line":7,"column":4},"end":{"line":10,"column":5}},"type":"if","locations":[{"start":{"line":7,"column":4},"end":{"line":10,"column":5}},{"start":{"line":7,"column":4},"end":{"line":10,"column":5}}]}},"s":{"0":0,"1":0,"2":0,"3":0,"4":0,"5":0,"6":0},"f":{},"b":{"0":[0,0],"1":[0,0]}}
,"/home/guido/Projetos/one-stack/server/src/data/user/create.js": {"path":"/home/guido/Projetos/one-stack/server/src/data/user/create.js","statementMap":{"0":{"start":{"line":1,"column":0},"end":{"line":null,"column":-1}}},"fnMap":{},"branchMap":{},"s":{"0":0},"f":{},"b":{}}
,"/home/guido/Projetos/one-stack/server/src/data/user/del.js": {"path":"/home/guido/Projetos/one-stack/server/src/data/user/del.js","statementMap":{"0":{"start":{"line":1,"column":0},"end":{"line":null,"column":-1}}},"fnMap":{},"branchMap":{},"s":{"0":0},"f":{},"b":{}}
,"/home/guido/Projetos/one-stack/server/src/data/user/get.js": {"path":"/home/guido/Projetos/one-stack/server/src/data/user/get.js","statementMap":{"0":{"start":{"line":1,"column":0},"end":{"line":null,"column":-1}},"1":{"start":{"line":4,"column":15},"end":{"line":4,"column":2}},"2":{"start":{"line":5,"column":2},"end":{"line":5,"column":13}},"3":{"start":{"line":5,"column":13},"end":{"line":null,"column":-1}},"4":{"start":{"line":7,"column":2},"end":{"line":null,"column":-1}}},"fnMap":{},"branchMap":{"0":{"loc":{"start":{"line":5,"column":2},"end":{"line":5,"column":13}},"type":"if","locations":[{"start":{"line":5,"column":2},"end":{"line":5,"column":13}},{"start":{"line":5,"column":2},"end":{"line":5,"column":13}}]}},"s":{"0":0,"1":0,"2":0,"3":0,"4":0},"f":{},"b":{"0":[0,0]}}
,"/home/guido/Projetos/one-stack/server/src/data/user/getAll.js": {"path":"/home/guido/Projetos/one-stack/server/src/data/user/getAll.js","statementMap":{"0":{"start":{"line":1,"column":0},"end":{"line":null,"column":-1}},"1":{"start":{"line":4,"column":15},"end":{"line":4,"column":2}},"2":{"start":{"line":5,"column":2},"end":{"line":5,"column":13}},"3":{"start":{"line":5,"column":13},"end":{"line":null,"column":-1}},"4":{"start":{"line":7,"column":2},"end":{"line":null,"column":-1}}},"fnMap":{},"branchMap":{"0":{"loc":{"start":{"line":5,"column":2},"end":{"line":5,"column":13}},"type":"if","locations":[{"start":{"line":5,"column":2},"end":{"line":5,"column":13}},{"start":{"line":5,"column":2},"end":{"line":5,"column":13}}]}},"s":{"0":0,"1":0,"2":0,"3":0,"4":0},"f":{},"b":{"0":[0,0]}}
,"/home/guido/Projetos/one-stack/server/src/data/user/getByEmail.js": {"path":"/home/guido/Projetos/one-stack/server/src/data/user/getByEmail.js","statementMap":{"0":{"start":{"line":1,"column":0},"end":{"line":null,"column":-1}}},"fnMap":{},"branchMap":{},"s":{"0":0},"f":{},"b":{}}
,"/home/guido/Projetos/one-stack/server/src/data/user/getByName.js": {"path":"/home/guido/Projetos/one-stack/server/src/data/user/getByName.js","statementMap":{"0":{"start":{"line":1,"column":0},"end":{"line":null,"column":-1}},"1":{"start":{"line":4,"column":15},"end":{"line":4,"column":2}},"2":{"start":{"line":5,"column":2},"end":{"line":5,"column":13}},"3":{"start":{"line":5,"column":13},"end":{"line":null,"column":-1}},"4":{"start":{"line":7,"column":2},"end":{"line":null,"column":-1}}},"fnMap":{},"branchMap":{"0":{"loc":{"start":{"line":5,"column":2},"end":{"line":5,"column":13}},"type":"if","locations":[{"start":{"line":5,"column":2},"end":{"line":5,"column":13}},{"start":{"line":5,"column":2},"end":{"line":5,"column":13}}]}},"s":{"0":0,"1":0,"2":0,"3":0,"4":0},"f":{},"b":{"0":[0,0]}}
,"/home/guido/Projetos/one-stack/server/src/data/user/getByReset.js": {"path":"/home/guido/Projetos/one-stack/server/src/data/user/getByReset.js","statementMap":{"0":{"start":{"line":1,"column":0},"end":{"line":null,"column":-1}}},"fnMap":{},"branchMap":{},"s":{"0":0},"f":{},"b":{}}
,"/home/guido/Projetos/one-stack/server/src/data/user/getLoggedUser.js": {"path":"/home/guido/Projetos/one-stack/server/src/data/user/getLoggedUser.js","statementMap":{"0":{"start":{"line":1,"column":0},"end":{"line":null,"column":-1}},"1":{"start":{"line":4,"column":15},"end":{"line":4,"column":2}},"2":{"start":{"line":5,"column":2},"end":{"line":5,"column":13}},"3":{"start":{"line":5,"column":13},"end":{"line":null,"column":-1}},"4":{"start":{"line":7,"column":2},"end":{"line":null,"column":-1}}},"fnMap":{},"branchMap":{"0":{"loc":{"start":{"line":5,"column":2},"end":{"line":5,"column":13}},"type":"if","locations":[{"start":{"line":5,"column":2},"end":{"line":5,"column":13}},{"start":{"line":5,"column":2},"end":{"line":5,"column":13}}]}},"s":{"0":0,"1":0,"2":0,"3":0,"4":0},"f":{},"b":{"0":[0,0]}}
,"/home/guido/Projetos/one-stack/server/src/data/user/index.js": {"path":"/home/guido/Projetos/one-stack/server/src/data/user/index.js","statementMap":{"0":{"start":{"line":1,"column":0},"end":{"line":null,"column":-1}},"1":{"start":{"line":2,"column":0},"end":{"line":null,"column":-1}},"2":{"start":{"line":3,"column":0},"end":{"line":null,"column":-1}},"3":{"start":{"line":4,"column":0},"end":{"line":null,"column":-1}},"4":{"start":{"line":5,"column":0},"end":{"line":null,"column":-1}},"5":{"start":{"line":6,"column":0},"end":{"line":null,"column":-1}},"6":{"start":{"line":7,"column":0},"end":{"line":null,"column":-1}},"7":{"start":{"line":8,"column":0},"end":{"line":null,"column":-1}},"8":{"start":{"line":9,"column":0},"end":{"line":null,"column":-1}},"9":{"start":{"line":10,"column":0},"end":{"line":null,"column":-1}},"10":{"start":{"line":11,"column":0},"end":{"line":null,"column":-1}},"11":{"start":{"line":12,"column":0},"end":{"line":null,"column":-1}},"12":{"start":{"line":13,"column":0},"end":{"line":null,"column":-1}}},"fnMap":{},"branchMap":{},"s":{"0":0,"1":0,"2":0,"3":0,"4":0,"5":0,"6":0,"7":0,"8":0,"9":0,"10":0,"11":0,"12":0},"f":{},"b":{}}
,"/home/guido/Projetos/one-stack/server/src/data/user/passwordForgot.js": {"path":"/home/guido/Projetos/one-stack/server/src/data/user/passwordForgot.js","statementMap":{"0":{"start":{"line":1,"column":0},"end":{"line":null,"column":-1}},"1":{"start":{"line":2,"column":0},"end":{"line":null,"column":-1}},"2":{"start":{"line":3,"column":0},"end":{"line":null,"column":-1}},"3":{"start":{"line":5,"column":0},"end":{"line":null,"column":-1}},"4":{"start":{"line":6,"column":0},"end":{"line":null,"column":-1}},"5":{"start":{"line":9,"column":2},"end":{"line":null,"column":-1}},"6":{"start":{"line":19,"column":15},"end":{"line":19,"column":2}},"7":{"start":{"line":20,"column":2},"end":{"line":25,"column":3}},"8":{"start":{"line":21,"column":4},"end":{"line":null,"column":-1}},"9":{"start":{"line":28,"column":16},"end":{"line":28,"column":2}},"10":{"start":{"line":30,"column":21},"end":{"line":30,"column":2}},"11":{"start":{"line":31,"column":2},"end":{"line":null,"column":-1}},"12":{"start":{"line":32,"column":23},"end":{"line":32,"column":2}},"13":{"start":{"line":34,"column":2},"end":{"line":null,"column":-1}},"14":{"start":{"line":41,"column":24},"end":{"line":41,"column":2}},"15":{"start":{"line":43,"column":22},"end":{"line":43,"column":2}},"16":{"start":{"line":52,"column":2},"end":{"line":null,"column":-1}},"17":{"start":{"line":53,"column":2},"end":{"line":null,"column":-1}}},"fnMap":{"0":{"name":"setupMailTransport","decl":{"start":{"line":8,"column":9},"end":{"line":8,"column":0}},"loc":{"start":{"line":8,"column":30},"end":{"line":16,"column":1}}}},"branchMap":{"0":{"loc":{"start":{"line":20,"column":2},"end":{"line":25,"column":3}},"type":"if","locations":[{"start":{"line":20,"column":2},"end":{"line":25,"column":3}},{"start":{"line":20,"column":2},"end":{"line":25,"column":3}}]}},"s":{"0":0,"1":0,"2":0,"3":0,"4":0,"5":0,"6":0,"7":0,"8":0,"9":0,"10":0,"11":0,"12":0,"13":0,"14":0,"15":0,"16":0,"17":0},"f":{"0":0},"b":{"0":[0,0]}}
,"/home/guido/Projetos/one-stack/server/src/data/user/passwordReset.js": {"path":"/home/guido/Projetos/one-stack/server/src/data/user/passwordReset.js","statementMap":{"0":{"start":{"line":1,"column":0},"end":{"line":null,"column":-1}},"1":{"start":{"line":2,"column":0},"end":{"line":null,"column":-1}},"2":{"start":{"line":4,"column":0},"end":{"line":null,"column":-1}},"3":{"start":{"line":5,"column":0},"end":{"line":null,"column":-1}},"4":{"start":{"line":8,"column":2},"end":{"line":null,"column":-1}},"5":{"start":{"line":19,"column":15},"end":{"line":19,"column":2}},"6":{"start":{"line":20,"column":2},"end":{"line":25,"column":3}},"7":{"start":{"line":21,"column":4},"end":{"line":null,"column":-1}},"8":{"start":{"line":27,"column":2},"end":{"line":null,"column":-1}},"9":{"start":{"line":33,"column":24},"end":{"line":33,"column":2}},"10":{"start":{"line":34,"column":22},"end":{"line":34,"column":2}},"11":{"start":{"line":43,"column":2},"end":{"line":null,"column":-1}},"12":{"start":{"line":44,"column":2},"end":{"line":null,"column":-1}}},"fnMap":{"0":{"name":"setupMailTransport","decl":{"start":{"line":7,"column":9},"end":{"line":7,"column":0}},"loc":{"start":{"line":7,"column":30},"end":{"line":15,"column":1}}}},"branchMap":{"0":{"loc":{"start":{"line":20,"column":2},"end":{"line":25,"column":3}},"type":"if","locations":[{"start":{"line":20,"column":2},"end":{"line":25,"column":3}},{"start":{"line":20,"column":2},"end":{"line":25,"column":3}}]}},"s":{"0":0,"1":0,"2":0,"3":0,"4":0,"5":0,"6":0,"7":0,"8":0,"9":0,"10":0,"11":0,"12":0},"f":{"0":0},"b":{"0":[0,0]}}
,"/home/guido/Projetos/one-stack/server/src/data/user/update.js": {"path":"/home/guido/Projetos/one-stack/server/src/data/user/update.js","statementMap":{"0":{"start":{"line":1,"column":0},"end":{"line":null,"column":-1}}},"fnMap":{},"branchMap":{},"s":{"0":0},"f":{},"b":{}}
,"/home/guido/Projetos/one-stack/server/src/data/user/updatePassword.js": {"path":"/home/guido/Projetos/one-stack/server/src/data/user/updatePassword.js","statementMap":{"0":{"start":{"line":1,"column":0},"end":{"line":null,"column":-1}}},"fnMap":{},"branchMap":{},"s":{"0":0},"f":{},"b":{}}
,"/home/guido/Projetos/one-stack/server/src/db/db.js": {"path":"/home/guido/Projetos/one-stack/server/src/db/db.js","statementMap":{"0":{"start":{"line":1,"column":15},"end":{"line":1,"column":0}},"1":{"start":{"line":3,"column":12},"end":{"line":3,"column":0}},"2":{"start":{"line":4,"column":13},"end":{"line":4,"column":0}},"3":{"start":{"line":6,"column":0},"end":{"line":null,"column":-1}}},"fnMap":{},"branchMap":{},"s":{"0":0,"1":0,"2":0,"3":0},"f":{},"b":{}}
,"/home/guido/Projetos/one-stack/server/src/db/migrations/20180813193115_add_users_table.js": {"path":"/home/guido/Projetos/one-stack/server/src/db/migrations/20180813193115_add_users_table.js","statementMap":{"0":{"start":{"line":2,"column":0},"end":{"line":null,"column":-1}},"1":{"start":{"line":2,"column":21},"end":{"line":2,"column":0}},"2":{"start":{"line":3,"column":2},"end":{"line":null,"column":-1}},"3":{"start":{"line":4,"column":2},"end":{"line":null,"column":-1}},"4":{"start":{"line":5,"column":2},"end":{"line":null,"column":-1}},"5":{"start":{"line":6,"column":2},"end":{"line":null,"column":-1}},"6":{"start":{"line":9,"column":0},"end":{"line":null,"column":-1}},"7":{"start":{"line":9,"column":23},"end":{"line":9,"column":0}}},"fnMap":{"0":{"name":"(anonymous_0)","decl":{"start":{"line":2,"column":13},"end":{"line":2,"column":20}},"loc":{"start":{"line":2,"column":21},"end":{"line":2,"column":0}}},"1":{"name":"(anonymous_1)","decl":{"start":{"line":2,"column":54},"end":{"line":2,"column":52}},"loc":{"start":{"line":2,"column":64},"end":{"line":2,"column":21}}},"2":{"name":"(anonymous_2)","decl":{"start":{"line":9,"column":15},"end":{"line":9,"column":22}},"loc":{"start":{"line":9,"column":23},"end":{"line":9,"column":0}}}},"branchMap":{},"s":{"0":0,"1":0,"2":0,"3":0,"4":0,"5":0,"6":0,"7":0},"f":{"0":0,"1":0,"2":0},"b":{}}
,"/home/guido/Projetos/one-stack/server/src/db/migrations/20180910174320_user_reset_password.js": {"path":"/home/guido/Projetos/one-stack/server/src/db/migrations/20180910174320_user_reset_password.js","statementMap":{"0":{"start":{"line":2,"column":0},"end":{"line":null,"column":-1}},"1":{"start":{"line":3,"column":2},"end":{"line":null,"column":-1}},"2":{"start":{"line":4,"column":4},"end":{"line":null,"column":-1}},"3":{"start":{"line":5,"column":4},"end":{"line":null,"column":-1}},"4":{"start":{"line":9,"column":0},"end":{"line":null,"column":-1}},"5":{"start":{"line":10,"column":2},"end":{"line":null,"column":-1}},"6":{"start":{"line":11,"column":4},"end":{"line":null,"column":-1}},"7":{"start":{"line":12,"column":4},"end":{"line":null,"column":-1}}},"fnMap":{"0":{"name":"(anonymous_0)","decl":{"start":{"line":2,"column":13},"end":{"line":2,"column":14}},"loc":{"start":{"line":2,"column":32},"end":{"line":2,"column":0}}},"1":{"name":"(anonymous_1)","decl":{"start":{"line":3,"column":36},"end":{"line":3,"column":34}},"loc":{"start":{"line":3,"column":46},"end":{"line":3,"column":9}}},"2":{"name":"(anonymous_2)","decl":{"start":{"line":9,"column":15},"end":{"line":9,"column":16}},"loc":{"start":{"line":9,"column":34},"end":{"line":9,"column":0}}},"3":{"name":"(anonymous_3)","decl":{"start":{"line":10,"column":36},"end":{"line":10,"column":34}},"loc":{"start":{"line":10,"column":46},"end":{"line":10,"column":9}}}},"branchMap":{},"s":{"0":0,"1":0,"2":0,"3":0,"4":0,"5":0,"6":0,"7":0},"f":{"0":0,"1":0,"2":0,"3":0},"b":{}}
,"/home/guido/Projetos/one-stack/server/src/db/queryBuilders/user/create.js": {"path":"/home/guido/Projetos/one-stack/server/src/db/queryBuilders/user/create.js","statementMap":{"0":{"start":{"line":1,"column":0},"end":{"line":null,"column":-1}},"1":{"start":{"line":2,"column":0},"end":{"line":null,"column":-1}},"2":{"start":{"line":9,"column":2},"end":{"line":null,"column":-1}},"3":{"start":{"line":10,"column":15},"end":{"line":10,"column":2}},"4":{"start":{"line":16,"column":17},"end":{"line":16,"column":2}},"5":{"start":{"line":17,"column":2},"end":{"line":null,"column":-1}},"6":{"start":{"line":18,"column":2},"end":{"line":null,"column":-1}}},"fnMap":{},"branchMap":{},"s":{"0":0,"1":0,"2":0,"3":0,"4":0,"5":0,"6":0},"f":{},"b":{}}
,"/home/guido/Projetos/one-stack/server/src/db/queryBuilders/user/del.js": {"path":"/home/guido/Projetos/one-stack/server/src/db/queryBuilders/user/del.js","statementMap":{"0":{"start":{"line":1,"column":0},"end":{"line":null,"column":-1}},"1":{"start":{"line":6,"column":17},"end":{"line":6,"column":2}},"2":{"start":{"line":9,"column":2},"end":{"line":null,"column":-1}},"3":{"start":{"line":10,"column":2},"end":{"line":null,"column":-1}}},"fnMap":{},"branchMap":{},"s":{"0":0,"1":0,"2":0,"3":0},"f":{},"b":{}}
,"/home/guido/Projetos/one-stack/server/src/db/queryBuilders/user/getAll.js": {"path":"/home/guido/Projetos/one-stack/server/src/db/queryBuilders/user/getAll.js","statementMap":{"0":{"start":{"line":1,"column":0},"end":{"line":null,"column":-1}}},"fnMap":{},"branchMap":{},"s":{"0":0},"f":{},"b":{}}
,"/home/guido/Projetos/one-stack/server/src/db/queryBuilders/user/getByEmail.js": {"path":"/home/guido/Projetos/one-stack/server/src/db/queryBuilders/user/getByEmail.js","statementMap":{"0":{"start":{"line":1,"column":0},"end":{"line":null,"column":-1}}},"fnMap":{},"branchMap":{},"s":{"0":0},"f":{},"b":{}}
,"/home/guido/Projetos/one-stack/server/src/db/queryBuilders/user/getById.js": {"path":"/home/guido/Projetos/one-stack/server/src/db/queryBuilders/user/getById.js","statementMap":{"0":{"start":{"line":1,"column":0},"end":{"line":null,"column":-1}}},"fnMap":{},"branchMap":{},"s":{"0":0},"f":{},"b":{}}
,"/home/guido/Projetos/one-stack/server/src/db/queryBuilders/user/getByIds.js": {"path":"/home/guido/Projetos/one-stack/server/src/db/queryBuilders/user/getByIds.js","statementMap":{"0":{"start":{"line":1,"column":0},"end":{"line":null,"column":-1}}},"fnMap":{},"branchMap":{},"s":{"0":0},"f":{},"b":{}}
,"/home/guido/Projetos/one-stack/server/src/db/queryBuilders/user/getByName.js": {"path":"/home/guido/Projetos/one-stack/server/src/db/queryBuilders/user/getByName.js","statementMap":{"0":{"start":{"line":1,"column":0},"end":{"line":null,"column":-1}}},"fnMap":{},"branchMap":{},"s":{"0":0},"f":{},"b":{}}
,"/home/guido/Projetos/one-stack/server/src/db/queryBuilders/user/getByReset.js": {"path":"/home/guido/Projetos/one-stack/server/src/db/queryBuilders/user/getByReset.js","statementMap":{"0":{"start":{"line":1,"column":0},"end":{"line":null,"column":-1}}},"fnMap":{},"branchMap":{},"s":{"0":0},"f":{},"b":{}}
,"/home/guido/Projetos/one-stack/server/src/db/queryBuilders/user/index.js": {"path":"/home/guido/Projetos/one-stack/server/src/db/queryBuilders/user/index.js","statementMap":{"0":{"start":{"line":1,"column":0},"end":{"line":null,"column":-1}},"1":{"start":{"line":2,"column":0},"end":{"line":null,"column":-1}},"2":{"start":{"line":3,"column":0},"end":{"line":null,"column":-1}},"3":{"start":{"line":4,"column":0},"end":{"line":null,"column":-1}},"4":{"start":{"line":5,"column":0},"end":{"line":null,"column":-1}},"5":{"start":{"line":6,"column":0},"end":{"line":null,"column":-1}},"6":{"start":{"line":7,"column":0},"end":{"line":null,"column":-1}},"7":{"start":{"line":8,"column":0},"end":{"line":null,"column":-1}},"8":{"start":{"line":9,"column":0},"end":{"line":null,"column":-1}},"9":{"start":{"line":10,"column":0},"end":{"line":null,"column":-1}}},"fnMap":{},"branchMap":{},"s":{"0":0,"1":0,"2":0,"3":0,"4":0,"5":0,"6":0,"7":0,"8":0,"9":0},"f":{},"b":{}}
,"/home/guido/Projetos/one-stack/server/src/db/queryBuilders/user/update.js": {"path":"/home/guido/Projetos/one-stack/server/src/db/queryBuilders/user/update.js","statementMap":{"0":{"start":{"line":1,"column":0},"end":{"line":null,"column":-1}},"1":{"start":{"line":10,"column":17},"end":{"line":10,"column":2}},"2":{"start":{"line":19,"column":2},"end":{"line":null,"column":-1}}},"fnMap":{},"branchMap":{},"s":{"0":0,"1":0,"2":0},"f":{},"b":{}}
,"/home/guido/Projetos/one-stack/server/src/db/queryBuilders/user/updatePassword.js": {"path":"/home/guido/Projetos/one-stack/server/src/db/queryBuilders/user/updatePassword.js","statementMap":{"0":{"start":{"line":1,"column":0},"end":{"line":null,"column":-1}},"1":{"start":{"line":2,"column":0},"end":{"line":null,"column":-1}},"2":{"start":{"line":8,"column":17},"end":{"line":8,"column":2}},"3":{"start":{"line":16,"column":2},"end":{"line":null,"column":-1}}},"fnMap":{},"branchMap":{},"s":{"0":0,"1":0,"2":0,"3":0},"f":{},"b":{}}
,"/home/guido/Projetos/one-stack/server/src/db/seeds/users.js": {"path":"/home/guido/Projetos/one-stack/server/src/db/seeds/users.js","statementMap":{"0":{"start":{"line":1,"column":15},"end":{"line":1,"column":0}},"1":{"start":{"line":3,"column":0},"end":{"line":null,"column":-1}},"2":{"start":{"line":3,"column":23},"end":{"line":3,"column":0}},"3":{"start":{"line":5,"column":14},"end":{"line":3,"column":23}}},"fnMap":{"0":{"name":"(anonymous_0)","decl":{"start":{"line":3,"column":15},"end":{"line":3,"column":22}},"loc":{"start":{"line":3,"column":23},"end":{"line":3,"column":0}}},"1":{"name":"(anonymous_1)","decl":{"start":{"line":5,"column":8},"end":{"line":5,"column":13}},"loc":{"start":{"line":5,"column":14},"end":{"line":3,"column":23}}}},"branchMap":{},"s":{"0":0,"1":0,"2":0,"3":0},"f":{"0":0,"1":0},"b":{}}
,"/home/guido/Projetos/one-stack/server/src/extensions/debugExtensions.js": {"path":"/home/guido/Projetos/one-stack/server/src/extensions/debugExtensions.js","statementMap":{"0":{"start":{"line":3,"column":4},"end":{"line":null,"column":-1}},"1":{"start":{"line":6,"column":4},"end":{"line":null,"column":-1}},"2":{"start":{"line":8,"column":33},"end":{"line":1,"column":15}},"3":{"start":{"line":9,"column":32},"end":{"line":1,"column":15}},"4":{"start":{"line":10,"column":31},"end":{"line":1,"column":15}},"5":{"start":{"line":11,"column":31},"end":{"line":1,"column":15}},"6":{"start":{"line":12,"column":21},"end":{"line":null,"column":-1}}},"fnMap":{"0":{"name":"(anonymous_0)","decl":{"start":{"line":2,"column":20},"end":{"line":2,"column":18}},"loc":{"start":{"line":2,"column":32},"end":{"line":1,"column":15}}},"1":{"name":"(anonymous_1)","decl":{"start":{"line":5,"column":20},"end":{"line":5,"column":18}},"loc":{"start":{"line":5,"column":32},"end":{"line":1,"column":15}}},"2":{"name":"(anonymous_2)","decl":{"start":{"line":8,"column":22},"end":{"line":8,"column":32}},"loc":{"start":{"line":8,"column":33},"end":{"line":1,"column":15}}},"3":{"name":"(anonymous_3)","decl":{"start":{"line":9,"column":21},"end":{"line":9,"column":31}},"loc":{"start":{"line":9,"column":32},"end":{"line":1,"column":15}}},"4":{"name":"(anonymous_4)","decl":{"start":{"line":10,"column":20},"end":{"line":10,"column":30}},"loc":{"start":{"line":10,"column":31},"end":{"line":1,"column":15}}},"5":{"name":"(anonymous_5)","decl":{"start":{"line":11,"column":20},"end":{"line":11,"column":30}},"loc":{"start":{"line":11,"column":31},"end":{"line":1,"column":15}}},"6":{"name":"(anonymous_6)","decl":{"start":{"line":12,"column":10},"end":{"line":12,"column":20}},"loc":{"start":{"line":12,"column":21},"end":{"line":null,"column":-1}}}},"branchMap":{},"s":{"0":0,"1":0,"2":0,"3":0,"4":0,"5":0,"6":0},"f":{"0":0,"1":0,"2":0,"3":0,"4":0,"5":0,"6":0},"b":{}}
,"/home/guido/Projetos/one-stack/server/src/graphql/mutation.js": {"path":"/home/guido/Projetos/one-stack/server/src/graphql/mutation.js","statementMap":{"0":{"start":{"line":1,"column":18},"end":{"line":1,"column":0}}},"fnMap":{},"branchMap":{},"s":{"0":0},"f":{},"b":{}}
,"/home/guido/Projetos/one-stack/server/src/graphql/query.js": {"path":"/home/guido/Projetos/one-stack/server/src/graphql/query.js","statementMap":{"0":{"start":{"line":1,"column":15},"end":{"line":1,"column":0}}},"fnMap":{},"branchMap":{},"s":{"0":0},"f":{},"b":{}}
,"/home/guido/Projetos/one-stack/server/src/graphql/schema.js": {"path":"/home/guido/Projetos/one-stack/server/src/graphql/schema.js","statementMap":{"0":{"start":{"line":1,"column":0},"end":{"line":null,"column":-1}},"1":{"start":{"line":2,"column":0},"end":{"line":null,"column":-1}},"2":{"start":{"line":3,"column":0},"end":{"line":null,"column":-1}},"3":{"start":{"line":5,"column":16},"end":{"line":5,"column":0}}},"fnMap":{},"branchMap":{},"s":{"0":0,"1":0,"2":0,"3":0},"f":{},"b":{}}
,"/home/guido/Projetos/one-stack/server/src/graphql/resolvers/index.js": {"path":"/home/guido/Projetos/one-stack/server/src/graphql/resolvers/index.js","statementMap":{"0":{"start":{"line":1,"column":0},"end":{"line":null,"column":-1}},"1":{"start":{"line":2,"column":0},"end":{"line":null,"column":-1}},"2":{"start":{"line":3,"column":0},"end":{"line":null,"column":-1}},"3":{"start":{"line":4,"column":0},"end":{"line":null,"column":-1}}},"fnMap":{},"branchMap":{},"s":{"0":0,"1":0,"2":0,"3":0},"f":{},"b":{}}
,"/home/guido/Projetos/one-stack/server/src/graphql/resolvers/mutation/createUser.js": {"path":"/home/guido/Projetos/one-stack/server/src/graphql/resolvers/mutation/createUser.js","statementMap":{"0":{"start":{"line":1,"column":0},"end":{"line":null,"column":-1}}},"fnMap":{},"branchMap":{},"s":{"0":0},"f":{},"b":{}}
,"/home/guido/Projetos/one-stack/server/src/graphql/resolvers/mutation/deleteUser.js": {"path":"/home/guido/Projetos/one-stack/server/src/graphql/resolvers/mutation/deleteUser.js","statementMap":{"0":{"start":{"line":1,"column":0},"end":{"line":null,"column":-1}}},"fnMap":{},"branchMap":{},"s":{"0":0},"f":{},"b":{}}
,"/home/guido/Projetos/one-stack/server/src/graphql/resolvers/mutation/index.js": {"path":"/home/guido/Projetos/one-stack/server/src/graphql/resolvers/mutation/index.js","statementMap":{"0":{"start":{"line":1,"column":0},"end":{"line":null,"column":-1}},"1":{"start":{"line":2,"column":0},"end":{"line":null,"column":-1}},"2":{"start":{"line":3,"column":0},"end":{"line":null,"column":-1}},"3":{"start":{"line":4,"column":0},"end":{"line":null,"column":-1}},"4":{"start":{"line":5,"column":0},"end":{"line":null,"column":-1}}},"fnMap":{},"branchMap":{},"s":{"0":0,"1":0,"2":0,"3":0,"4":0},"f":{},"b":{}}
,"/home/guido/Projetos/one-stack/server/src/graphql/resolvers/mutation/updateUser.js": {"path":"/home/guido/Projetos/one-stack/server/src/graphql/resolvers/mutation/updateUser.js","statementMap":{"0":{"start":{"line":1,"column":0},"end":{"line":null,"column":-1}}},"fnMap":{},"branchMap":{},"s":{"0":0},"f":{},"b":{}}
,"/home/guido/Projetos/one-stack/server/src/graphql/resolvers/query/index.js": {"path":"/home/guido/Projetos/one-stack/server/src/graphql/resolvers/query/index.js","statementMap":{"0":{"start":{"line":1,"column":0},"end":{"line":null,"column":-1}},"1":{"start":{"line":2,"column":0},"end":{"line":null,"column":-1}},"2":{"start":{"line":3,"column":0},"end":{"line":null,"column":-1}},"3":{"start":{"line":4,"column":0},"end":{"line":null,"column":-1}},"4":{"start":{"line":5,"column":0},"end":{"line":null,"column":-1}},"5":{"start":{"line":6,"column":0},"end":{"line":null,"column":-1}}},"fnMap":{},"branchMap":{},"s":{"0":0,"1":0,"2":0,"3":0,"4":0,"5":0},"f":{},"b":{}}
,"/home/guido/Projetos/one-stack/server/src/graphql/resolvers/query/loggedUser.js": {"path":"/home/guido/Projetos/one-stack/server/src/graphql/resolvers/query/loggedUser.js","statementMap":{"0":{"start":{"line":2,"column":21},"end":{"line":2,"column":2}},"1":{"start":{"line":3,"column":2},"end":{"line":5,"column":3}},"2":{"start":{"line":4,"column":4},"end":{"line":null,"column":-1}},"3":{"start":{"line":7,"column":2},"end":{"line":null,"column":-1}}},"fnMap":{},"branchMap":{"0":{"loc":{"start":{"line":3,"column":2},"end":{"line":5,"column":3}},"type":"if","locations":[{"start":{"line":3,"column":2},"end":{"line":5,"column":3}},{"start":{"line":3,"column":2},"end":{"line":5,"column":3}}]}},"s":{"0":0,"1":0,"2":0,"3":0},"f":{},"b":{"0":[0,0]}}
,"/home/guido/Projetos/one-stack/server/src/graphql/resolvers/types/authpayload/index.js": {"path":"/home/guido/Projetos/one-stack/server/src/graphql/resolvers/types/authpayload/index.js","statementMap":{"0":{"start":{"line":1,"column":0},"end":{"line":null,"column":-1}}},"fnMap":{},"branchMap":{},"s":{"0":0},"f":{},"b":{}}
,"/home/guido/Projetos/one-stack/server/src/graphql/resolvers/types/manufacturer/index.js": {"path":"/home/guido/Projetos/one-stack/server/src/graphql/resolvers/types/manufacturer/index.js","statementMap":{"0":{"start":{"line":1,"column":0},"end":{"line":null,"column":-1}}},"fnMap":{},"branchMap":{},"s":{"0":0},"f":{},"b":{}}
,"/home/guido/Projetos/one-stack/server/src/graphql/types/authpayload.js": {"path":"/home/guido/Projetos/one-stack/server/src/graphql/types/authpayload.js","statementMap":{"0":{"start":{"line":1,"column":21},"end":{"line":1,"column":0}}},"fnMap":{},"branchMap":{},"s":{"0":0},"f":{},"b":{}}
,"/home/guido/Projetos/one-stack/server/src/graphql/types/index.js": {"path":"/home/guido/Projetos/one-stack/server/src/graphql/types/index.js","statementMap":{"0":{"start":{"line":1,"column":0},"end":{"line":null,"column":-1}},"1":{"start":{"line":2,"column":0},"end":{"line":null,"column":-1}},"2":{"start":{"line":3,"column":0},"end":{"line":null,"column":-1}},"3":{"start":{"line":4,"column":0},"end":{"line":null,"column":-1}},"4":{"start":{"line":5,"column":0},"end":{"line":null,"column":-1}}},"fnMap":{},"branchMap":{},"s":{"0":0,"1":0,"2":0,"3":0,"4":0},"f":{},"b":{}}
,"/home/guido/Projetos/one-stack/server/src/graphql/types/manufacturer.js": {"path":"/home/guido/Projetos/one-stack/server/src/graphql/types/manufacturer.js","statementMap":{"0":{"start":{"line":1,"column":22},"end":{"line":1,"column":0}}},"fnMap":{},"branchMap":{},"s":{"0":0},"f":{},"b":{}}
,"/home/guido/Projetos/one-stack/server/src/graphql/types/product.js": {"path":"/home/guido/Projetos/one-stack/server/src/graphql/types/product.js","statementMap":{"0":{"start":{"line":1,"column":17},"end":{"line":1,"column":0}}},"fnMap":{},"branchMap":{},"s":{"0":0},"f":{},"b":{}}
,"/home/guido/Projetos/one-stack/server/src/graphql/types/result.js": {"path":"/home/guido/Projetos/one-stack/server/src/graphql/types/result.js","statementMap":{"0":{"start":{"line":1,"column":16},"end":{"line":1,"column":0}}},"fnMap":{},"branchMap":{},"s":{"0":0},"f":{},"b":{}}
,"/home/guido/Projetos/one-stack/server/src/mocks/index.js": {"path":"/home/guido/Projetos/one-stack/server/src/mocks/index.js","statementMap":{"0":{"start":{"line":1,"column":0},"end":{"line":null,"column":-1}},"1":{"start":{"line":2,"column":0},"end":{"line":null,"column":-1}},"2":{"start":{"line":3,"column":0},"end":{"line":null,"column":-1}}},"fnMap":{},"branchMap":{},"s":{"0":0,"1":0,"2":0},"f":{},"b":{}}
}
