TN:
SF:/home/guido/Projetos/one-stack/server/src/index.js
FN:38,(anonymous_1)
FNF:1
FNH:0
FNDA:0,(anonymous_1)
DA:1,0
DA:2,0
DA:4,0
DA:5,0
DA:6,0
DA:8,0
DA:9,0
DA:10,0
DA:12,0
DA:14,0
DA:15,0
DA:16,0
DA:18,0
DA:29,0
DA:37,0
DA:38,0
LF:16
LH:0
BRDA:37,0,0,0
BRDA:37,0,1,0
BRF:2
BRH:0
end_of_record
TN:
SF:/home/guido/Projetos/one-stack/server/src/config/authSetup.js
FN:8,authSetup
FN:19,(anonymous_2)
FN:29,(anonymous_3)
FN:30,(anonymous_4)
FN:38,(anonymous_5)
FN:48,(anonymous_6)
FN:53,(anonymous_7)
FNF:7
FNH:0
FNDA:0,authSetup
FNDA:0,(anonymous_2)
FNDA:0,(anonymous_3)
FNDA:0,(anonymous_4)
FNDA:0,(anonymous_5)
FNDA:0,(anonymous_6)
FNDA:0,(anonymous_7)
DA:1,0
DA:2,0
DA:3,0
DA:4,0
DA:5,0
DA:6,0
DA:9,0
DA:11,0
DA:15,0
DA:17,0
DA:19,0
DA:24,0
DA:25,0
DA:27,0
DA:29,0
DA:30,0
DA:31,0
DA:32,0
DA:36,0
DA:38,0
DA:39,0
DA:40,0
DA:44,0
DA:48,0
DA:49,0
DA:50,0
DA:53,0
DA:54,0
DA:55,0
DA:56,0
LF:30
LH:0
BRDA:31,0,0,0
BRDA:31,0,1,0
BRDA:36,1,0,0
BRDA:36,1,1,0
BRDA:39,2,0,0
BRDA:39,2,1,0
BRF:6
BRH:0
end_of_record
TN:
SF:/home/guido/Projetos/one-stack/server/src/config/passportSetup.js
FN:7,passportSetup
FN:11,(anonymous_2)
FN:14,(anonymous_3)
FN:18,(anonymous_4)
FN:19,(anonymous_5)
FN:24,(anonymous_6)
FN:27,(anonymous_7)
FN:28,(anonymous_8)
FNF:8
FNH:0
FNDA:0,passportSetup
FNDA:0,(anonymous_2)
FNDA:0,(anonymous_3)
FNDA:0,(anonymous_4)
FNDA:0,(anonymous_5)
FNDA:0,(anonymous_6)
FNDA:0,(anonymous_7)
FNDA:0,(anonymous_8)
DA:3,0
DA:5,0
DA:8,0
DA:12,0
DA:13,0
DA:15,0
DA:16,0
DA:18,0
DA:19,0
DA:24,0
DA:26,0
DA:27,0
DA:28,0
LF:13
LH:0
BRDA:15,0,0,0
BRDA:15,0,1,0
BRF:2
BRH:0
end_of_record
TN:
SF:/home/guido/Projetos/one-stack/server/src/config/passwordReset.js
FN:7,setupMailTransport
FN:17,passwordReset
FN:18,(anonymous_3)
FN:58,(anonymous_4)
FN:70,(anonymous_5)
FNF:5
FNH:0
FNDA:0,setupMailTransport
FNDA:0,passwordReset
FNDA:0,(anonymous_3)
FNDA:0,(anonymous_4)
FNDA:0,(anonymous_5)
DA:1,0
DA:2,0
DA:3,0
DA:5,0
DA:8,0
DA:18,0
DA:19,0
DA:20,0
DA:23,0
DA:28,0
DA:30,0
DA:31,0
DA:32,0
DA:34,0
DA:41,0
DA:43,0
DA:52,0
DA:53,0
DA:58,0
DA:59,0
DA:60,0
DA:61,0
DA:65,0
DA:70,0
DA:72,0
DA:73,0
DA:74,0
DA:79,0
DA:85,0
DA:86,0
DA:95,0
DA:96,0
LF:32
LH:0
BRDA:20,0,0,0
BRDA:20,0,1,0
BRDA:60,1,0,0
BRDA:60,1,1,0
BRDA:73,2,0,0
BRDA:73,2,1,0
BRF:6
BRH:0
end_of_record
TN:
SF:/home/guido/Projetos/one-stack/server/src/data/index.js
FNF:0
FNH:0
DA:1,0
LF:1
LH:0
BRF:0
BRH:0
end_of_record
TN:
SF:/home/guido/Projetos/one-stack/server/src/data/user/checkPassword.js
FNF:0
FNH:0
DA:1,0
DA:2,0
DA:5,0
DA:6,0
DA:7,0
DA:9,0
DA:14,0
LF:7
LH:0
BRDA:6,0,0,0
BRDA:6,0,1,0
BRDA:7,1,0,0
BRDA:7,1,1,0
BRF:4
BRH:0
end_of_record
TN:
SF:/home/guido/Projetos/one-stack/server/src/data/user/create.js
FNF:0
FNH:0
DA:1,0
LF:1
LH:0
BRF:0
BRH:0
end_of_record
TN:
SF:/home/guido/Projetos/one-stack/server/src/data/user/del.js
FNF:0
FNH:0
DA:1,0
LF:1
LH:0
BRF:0
BRH:0
end_of_record
TN:
SF:/home/guido/Projetos/one-stack/server/src/data/user/get.js
FNF:0
FNH:0
DA:1,0
DA:4,0
DA:5,0
DA:7,0
LF:4
LH:0
BRDA:5,0,0,0
BRDA:5,0,1,0
BRF:2
BRH:0
end_of_record
TN:
SF:/home/guido/Projetos/one-stack/server/src/data/user/getAll.js
FNF:0
FNH:0
DA:1,0
DA:4,0
DA:5,0
DA:7,0
LF:4
LH:0
BRDA:5,0,0,0
BRDA:5,0,1,0
BRF:2
BRH:0
end_of_record
TN:
SF:/home/guido/Projetos/one-stack/server/src/data/user/getByEmail.js
FNF:0
FNH:0
DA:1,0
LF:1
LH:0
BRF:0
BRH:0
end_of_record
TN:
SF:/home/guido/Projetos/one-stack/server/src/data/user/getByName.js
FNF:0
FNH:0
DA:1,0
DA:4,0
DA:5,0
DA:7,0
LF:4
LH:0
BRDA:5,0,0,0
BRDA:5,0,1,0
BRF:2
BRH:0
end_of_record
TN:
SF:/home/guido/Projetos/one-stack/server/src/data/user/getByReset.js
FNF:0
FNH:0
DA:1,0
LF:1
LH:0
BRF:0
BRH:0
end_of_record
TN:
SF:/home/guido/Projetos/one-stack/server/src/data/user/getLoggedUser.js
FNF:0
FNH:0
DA:1,0
DA:4,0
DA:5,0
DA:7,0
LF:4
LH:0
BRDA:5,0,0,0
BRDA:5,0,1,0
BRF:2
BRH:0
end_of_record
TN:
SF:/home/guido/Projetos/one-stack/server/src/data/user/index.js
FNF:0
FNH:0
DA:1,0
DA:2,0
DA:3,0
DA:4,0
DA:5,0
DA:6,0
DA:7,0
DA:8,0
DA:9,0
DA:10,0
DA:11,0
DA:12,0
DA:13,0
LF:13
LH:0
BRF:0
BRH:0
end_of_record
TN:
SF:/home/guido/Projetos/one-stack/server/src/data/user/passwordForgot.js
FN:8,setupMailTransport
FNF:1
FNH:0
FNDA:0,setupMailTransport
DA:1,0
DA:2,0
DA:3,0
DA:5,0
DA:6,0
DA:9,0
DA:19,0
DA:20,0
DA:21,0
DA:28,0
DA:30,0
DA:31,0
DA:32,0
DA:34,0
DA:41,0
DA:43,0
DA:52,0
DA:53,0
LF:18
LH:0
BRDA:20,0,0,0
BRDA:20,0,1,0
BRF:2
BRH:0
end_of_record
TN:
SF:/home/guido/Projetos/one-stack/server/src/data/user/passwordReset.js
FN:7,setupMailTransport
FNF:1
FNH:0
FNDA:0,setupMailTransport
DA:1,0
DA:2,0
DA:4,0
DA:5,0
DA:8,0
DA:19,0
DA:20,0
DA:21,0
DA:27,0
DA:33,0
DA:34,0
DA:43,0
DA:44,0
LF:13
LH:0
BRDA:20,0,0,0
BRDA:20,0,1,0
BRF:2
BRH:0
end_of_record
TN:
SF:/home/guido/Projetos/one-stack/server/src/data/user/update.js
FNF:0
FNH:0
DA:1,0
LF:1
LH:0
BRF:0
BRH:0
end_of_record
TN:
SF:/home/guido/Projetos/one-stack/server/src/data/user/updatePassword.js
FNF:0
FNH:0
DA:1,0
LF:1
LH:0
BRF:0
BRH:0
end_of_record
TN:
SF:/home/guido/Projetos/one-stack/server/src/db/db.js
FNF:0
FNH:0
DA:1,0
DA:3,0
DA:4,0
DA:6,0
LF:4
LH:0
BRF:0
BRH:0
end_of_record
TN:
SF:/home/guido/Projetos/one-stack/server/src/db/migrations/20180813193115_add_users_table.js
FN:2,(anonymous_0)
FN:2,(anonymous_1)
FN:9,(anonymous_2)
FNF:3
FNH:0
FNDA:0,(anonymous_0)
FNDA:0,(anonymous_1)
FNDA:0,(anonymous_2)
DA:2,0
DA:3,0
DA:4,0
DA:5,0
DA:6,0
DA:9,0
LF:6
LH:0
BRF:0
BRH:0
end_of_record
TN:
SF:/home/guido/Projetos/one-stack/server/src/db/migrations/20180910174320_user_reset_password.js
FN:2,(anonymous_0)
FN:3,(anonymous_1)
FN:9,(anonymous_2)
FN:10,(anonymous_3)
FNF:4
FNH:0
FNDA:0,(anonymous_0)
FNDA:0,(anonymous_1)
FNDA:0,(anonymous_2)
FNDA:0,(anonymous_3)
DA:2,0
DA:3,0
DA:4,0
DA:5,0
DA:9,0
DA:10,0
DA:11,0
DA:12,0
LF:8
LH:0
BRF:0
BRH:0
end_of_record
TN:
SF:/home/guido/Projetos/one-stack/server/src/db/queryBuilders/user/create.js
FNF:0
FNH:0
DA:1,0
DA:2,0
DA:9,0
DA:10,0
DA:16,0
DA:17,0
DA:18,0
LF:7
LH:0
BRF:0
BRH:0
end_of_record
TN:
SF:/home/guido/Projetos/one-stack/server/src/db/queryBuilders/user/del.js
FNF:0
FNH:0
DA:1,0
DA:6,0
DA:9,0
DA:10,0
LF:4
LH:0
BRF:0
BRH:0
end_of_record
TN:
SF:/home/guido/Projetos/one-stack/server/src/db/queryBuilders/user/getAll.js
FNF:0
FNH:0
DA:1,0
LF:1
LH:0
BRF:0
BRH:0
end_of_record
TN:
SF:/home/guido/Projetos/one-stack/server/src/db/queryBuilders/user/getByEmail.js
FNF:0
FNH:0
DA:1,0
LF:1
LH:0
BRF:0
BRH:0
end_of_record
TN:
SF:/home/guido/Projetos/one-stack/server/src/db/queryBuilders/user/getById.js
FNF:0
FNH:0
DA:1,0
LF:1
LH:0
BRF:0
BRH:0
end_of_record
TN:
SF:/home/guido/Projetos/one-stack/server/src/db/queryBuilders/user/getByIds.js
FNF:0
FNH:0
DA:1,0
LF:1
LH:0
BRF:0
BRH:0
end_of_record
TN:
SF:/home/guido/Projetos/one-stack/server/src/db/queryBuilders/user/getByName.js
FNF:0
FNH:0
DA:1,0
LF:1
LH:0
BRF:0
BRH:0
end_of_record
TN:
SF:/home/guido/Projetos/one-stack/server/src/db/queryBuilders/user/getByReset.js
FNF:0
FNH:0
DA:1,0
LF:1
LH:0
BRF:0
BRH:0
end_of_record
TN:
SF:/home/guido/Projetos/one-stack/server/src/db/queryBuilders/user/index.js
FNF:0
FNH:0
DA:1,0
DA:2,0
DA:3,0
DA:4,0
DA:5,0
DA:6,0
DA:7,0
DA:8,0
DA:9,0
DA:10,0
LF:10
LH:0
BRF:0
BRH:0
end_of_record
TN:
SF:/home/guido/Projetos/one-stack/server/src/db/queryBuilders/user/update.js
FNF:0
FNH:0
DA:1,0
DA:10,0
DA:19,0
LF:3
LH:0
BRF:0
BRH:0
end_of_record
TN:
SF:/home/guido/Projetos/one-stack/server/src/db/queryBuilders/user/updatePassword.js
FNF:0
FNH:0
DA:1,0
DA:2,0
DA:8,0
DA:16,0
LF:4
LH:0
BRF:0
BRH:0
end_of_record
TN:
SF:/home/guido/Projetos/one-stack/server/src/db/seeds/users.js
FN:3,(anonymous_0)
FN:5,(anonymous_1)
FNF:2
FNH:0
FNDA:0,(anonymous_0)
FNDA:0,(anonymous_1)
DA:1,0
DA:3,0
DA:5,0
LF:3
LH:0
BRF:0
BRH:0
end_of_record
TN:
SF:/home/guido/Projetos/one-stack/server/src/extensions/debugExtensions.js
FN:2,(anonymous_0)
FN:5,(anonymous_1)
FN:8,(anonymous_2)
FN:9,(anonymous_3)
FN:10,(anonymous_4)
FN:11,(anonymous_5)
FN:12,(anonymous_6)
FNF:7
FNH:0
FNDA:0,(anonymous_0)
FNDA:0,(anonymous_1)
FNDA:0,(anonymous_2)
FNDA:0,(anonymous_3)
FNDA:0,(anonymous_4)
FNDA:0,(anonymous_5)
FNDA:0,(anonymous_6)
DA:3,0
DA:6,0
DA:8,0
DA:9,0
DA:10,0
DA:11,0
DA:12,0
LF:7
LH:0
BRF:0
BRH:0
end_of_record
TN:
SF:/home/guido/Projetos/one-stack/server/src/graphql/mutation.js
FNF:0
FNH:0
DA:1,0
LF:1
LH:0
BRF:0
BRH:0
end_of_record
TN:
SF:/home/guido/Projetos/one-stack/server/src/graphql/query.js
FNF:0
FNH:0
DA:1,0
LF:1
LH:0
BRF:0
BRH:0
end_of_record
TN:
SF:/home/guido/Projetos/one-stack/server/src/graphql/schema.js
FNF:0
FNH:0
DA:1,0
DA:2,0
DA:3,0
DA:5,0
LF:4
LH:0
BRF:0
BRH:0
end_of_record
TN:
SF:/home/guido/Projetos/one-stack/server/src/graphql/resolvers/index.js
FNF:0
FNH:0
DA:1,0
DA:2,0
DA:3,0
DA:4,0
LF:4
LH:0
BRF:0
BRH:0
end_of_record
TN:
SF:/home/guido/Projetos/one-stack/server/src/graphql/resolvers/mutation/createUser.js
FNF:0
FNH:0
DA:1,0
LF:1
LH:0
BRF:0
BRH:0
end_of_record
TN:
SF:/home/guido/Projetos/one-stack/server/src/graphql/resolvers/mutation/deleteUser.js
FNF:0
FNH:0
DA:1,0
LF:1
LH:0
BRF:0
BRH:0
end_of_record
TN:
SF:/home/guido/Projetos/one-stack/server/src/graphql/resolvers/mutation/index.js
FNF:0
FNH:0
DA:1,0
DA:2,0
DA:3,0
DA:4,0
DA:5,0
LF:5
LH:0
BRF:0
BRH:0
end_of_record
TN:
SF:/home/guido/Projetos/one-stack/server/src/graphql/resolvers/mutation/updateUser.js
FNF:0
FNH:0
DA:1,0
LF:1
LH:0
BRF:0
BRH:0
end_of_record
TN:
SF:/home/guido/Projetos/one-stack/server/src/graphql/resolvers/query/index.js
FNF:0
FNH:0
DA:1,0
DA:2,0
DA:3,0
DA:4,0
DA:5,0
DA:6,0
LF:6
LH:0
BRF:0
BRH:0
end_of_record
TN:
SF:/home/guido/Projetos/one-stack/server/src/graphql/resolvers/query/loggedUser.js
FNF:0
FNH:0
DA:2,0
DA:3,0
DA:4,0
DA:7,0
LF:4
LH:0
BRDA:3,0,0,0
BRDA:3,0,1,0
BRF:2
BRH:0
end_of_record
TN:
SF:/home/guido/Projetos/one-stack/server/src/graphql/resolvers/types/authpayload/index.js
FNF:0
FNH:0
DA:1,0
LF:1
LH:0
BRF:0
BRH:0
end_of_record
TN:
SF:/home/guido/Projetos/one-stack/server/src/graphql/resolvers/types/manufacturer/index.js
FNF:0
FNH:0
DA:1,0
LF:1
LH:0
BRF:0
BRH:0
end_of_record
TN:
SF:/home/guido/Projetos/one-stack/server/src/graphql/types/authpayload.js
FNF:0
FNH:0
DA:1,0
LF:1
LH:0
BRF:0
BRH:0
end_of_record
TN:
SF:/home/guido/Projetos/one-stack/server/src/graphql/types/index.js
FNF:0
FNH:0
DA:1,0
DA:2,0
DA:3,0
DA:4,0
DA:5,0
LF:5
LH:0
BRF:0
BRH:0
end_of_record
TN:
SF:/home/guido/Projetos/one-stack/server/src/graphql/types/manufacturer.js
FNF:0
FNH:0
DA:1,0
LF:1
LH:0
BRF:0
BRH:0
end_of_record
TN:
SF:/home/guido/Projetos/one-stack/server/src/graphql/types/product.js
FNF:0
FNH:0
DA:1,0
LF:1
LH:0
BRF:0
BRH:0
end_of_record
TN:
SF:/home/guido/Projetos/one-stack/server/src/graphql/types/result.js
FNF:0
FNH:0
DA:1,0
LF:1
LH:0
BRF:0
BRH:0
end_of_record
TN:
SF:/home/guido/Projetos/one-stack/server/src/mocks/index.js
FNF:0
FNH:0
DA:1,0
DA:2,0
DA:3,0
LF:3
LH:0
BRF:0
BRH:0
end_of_record
